16:28:03.252 [main] INFO  testCases.TC_002_GiftCardPage - ****** TC_002_GiftCardPage Finished ******
16:28:23.266 [main] INFO  testCases.TC_003_UserDetails - ****** Starting TC_003_UserDetails ******
16:28:33.678 [main] INFO  testCases.TC_003_UserDetails - Closed Ad
16:28:34.054 [main] INFO  testCases.TC_003_UserDetails - Clicked on Hotels
16:28:37.279 [main] INFO  testCases.TC_003_UserDetails - Number of people is fetched
16:28:37.279 [main] INFO  testCases.TC_003_UserDetails - ****** TC_003_UserDetails Finished ******
16:29:46.706 [main] INFO  testCases.TC_001_HomePageCab - ****** Starting TC_001_HomePageCab ******
16:29:57.530 [main] INFO  testCases.TC_001_HomePageCab - Closed advertisement
16:29:58.971 [main] INFO  testCases.TC_001_HomePageCab - Clicked on cabs.
16:30:01.732 [main] INFO  testCases.TC_001_HomePageCab - Entered from city.
16:30:04.418 [main] INFO  testCases.TC_001_HomePageCab - Entered to city.
16:30:04.694 [main] INFO  testCases.TC_001_HomePageCab - Entered pickup date.
16:30:06.936 [main] INFO  testCases.TC_001_HomePageCab - Entered pickup time.
16:30:14.924 [main] INFO  testCases.TC_001_HomePageCab - Clicked on vehicle search button
16:30:37.412 [main] INFO  testCases.TC_002_GiftCardPage - ****** Starting TC_002_GiftCardPage ******
16:30:47.825 [main] INFO  testCases.TC_002_GiftCardPage - Closed Ad
16:30:52.841 [main] INFO  testCases.TC_002_GiftCardPage - Clicked on giftcards
16:31:00.597 [main] INFO  testCases.TC_002_GiftCardPage - Sender and Recipient details enter
16:31:00.982 [main] INFO  testCases.TC_002_GiftCardPage - Error message captured
16:31:00.983 [main] INFO  testCases.TC_002_GiftCardPage - ****** TC_002_GiftCardPage Finished ******
16:38:48.968 [main] INFO  testCases.TC_001_HomePageCab - ****** Starting TC_001_HomePageCab ******
16:39:04.368 [main] INFO  testCases.TC_001_HomePageCab - Closed advertisement
16:39:05.888 [main] INFO  testCases.TC_001_HomePageCab - Clicked on cabs.
16:39:07.496 [main] INFO  testCases.TC_001_HomePageCab - Entered from city.
16:39:09.333 [main] INFO  testCases.TC_001_HomePageCab - Entered to city.
16:39:09.630 [main] INFO  testCases.TC_001_HomePageCab - Entered pickup date.
16:39:11.689 [main] INFO  testCases.TC_001_HomePageCab - Entered pickup time.
16:39:17.081 [main] INFO  testCases.TC_001_HomePageCab - Clicked on vehicle search button
16:39:22.899 [main] INFO  testCases.TC_001_HomePageCab - Clicked on SUVs in filters and lowest price fetched
16:39:22.900 [main] INFO  testCases.TC_001_HomePageCab - ****** TC_001_HomePageCab Finished ******
16:39:40.288 [main] INFO  testCases.TC_002_GiftCardPage - ****** Starting TC_002_GiftCardPage ******
16:39:50.686 [main] INFO  testCases.TC_002_GiftCardPage - Closed Ad
16:39:56.009 [main] INFO  testCases.TC_002_GiftCardPage - Clicked on giftcards
16:40:03.402 [main] INFO  testCases.TC_002_GiftCardPage - Sender and Recipient details enter
16:40:03.809 [main] INFO  testCases.TC_002_GiftCardPage - Error message captured
16:40:03.809 [main] INFO  testCases.TC_002_GiftCardPage - ****** TC_002_GiftCardPage Finished ******
16:40:22.011 [main] INFO  testCases.TC_003_UserDetails - ****** Starting TC_003_UserDetails ******
16:40:32.368 [main] INFO  testCases.TC_003_UserDetails - Closed Ad
16:40:32.861 [main] INFO  testCases.TC_003_UserDetails - Clicked on Hotels
16:40:37.108 [main] INFO  testCases.TC_003_UserDetails - Number of people is fetched
16:40:37.109 [main] INFO  testCases.TC_003_UserDetails - ****** TC_003_UserDetails Finished ******
16:49:14.687 [main] INFO  testCases.TC_001_HomePageCab - ****** Starting TC_001_HomePageCab ******
16:49:25.460 [main] INFO  testCases.TC_001_HomePageCab - Closed advertisement
16:49:26.806 [main] INFO  testCases.TC_001_HomePageCab - Clicked on cabs.
16:49:28.384 [main] INFO  testCases.TC_001_HomePageCab - Entered from city.
16:49:30.360 [main] INFO  testCases.TC_001_HomePageCab - Entered to city.
16:49:30.633 [main] INFO  testCases.TC_001_HomePageCab - Entered pickup date.
16:49:32.686 [main] INFO  testCases.TC_001_HomePageCab - Entered pickup time.
16:49:37.666 [main] INFO  testCases.TC_001_HomePageCab - Clicked on vehicle search button
16:49:59.820 [main] INFO  testCases.TC_002_GiftCardPage - ****** Starting TC_002_GiftCardPage ******
16:49:59.990 [main] INFO  testCases.TC_002_GiftCardPage - Closed Ad
16:51:03.654 [main] INFO  testCases.TC_001_HomePageCab - ****** Starting TC_001_HomePageCab ******
16:51:14.611 [main] INFO  testCases.TC_001_HomePageCab - Closed advertisement
16:51:16.054 [main] INFO  testCases.TC_001_HomePageCab - Clicked on cabs.
16:51:17.775 [main] INFO  testCases.TC_001_HomePageCab - Entered from city.
16:51:20.062 [main] INFO  testCases.TC_001_HomePageCab - Entered to city.
16:51:20.493 [main] INFO  testCases.TC_001_HomePageCab - Entered pickup date.
16:51:23.162 [main] INFO  testCases.TC_001_HomePageCab - Entered pickup time.
16:51:27.923 [main] INFO  testCases.TC_001_HomePageCab - Clicked on vehicle search button
